<?xml version="1.0" encoding="UTF-8"?>
<testsuite name="com.study.handson.DataInitTest" tests="1" skipped="0" failures="0" errors="0" timestamp="2026-09-24T08:06:48.292Z" hostname="MacBook-Pro-6.local" time="3.419">
  <properties/>
  <testcase name="데이터_생성()" classname="com.study.handson.DataInitTest" time="0.533"/>
  <system-out><![CDATA[17:06:48.399 [Test worker] INFO org.springframework.test.context.support.AnnotationConfigContextLoaderUtils -- Could not detect default configuration classes for test class [com.study.handson.DataInitTest]: DataInitTest does not declare any static, non-private, non-final, nested classes annotated with @Configuration.
17:06:48.481 [Test worker] INFO org.springframework.boot.test.context.SpringBootTestContextBootstrapper -- Found @SpringBootConfiguration com.study.handson.HandsOnApplication for test class com.study.handson.DataInitTest

  .   ____          _            __ _ _
 /\\ / ___'_ __ _ _(_)_ __  __ _ \ \ \ \
( ( )\___ | '_ | '_| | '_ \/ _` | \ \ \ \
 \\/  ___)| |_)| | | | | || (_| |  ) ) ) )
  '  |____| .__|_| |_|_| |_\__, | / / / /
 =========|_|==============|___/=/_/_/_/

 :: Spring Boot ::                (v3.3.2)

2026-09-24T17:06:48.781+09:00  INFO 53932 --- [    Test worker] com.study.handson.DataInitTest           : Starting DataInitTest using Java 17.0.8 with PID 53932 (started by gwaggyeong-won in /Users/gwaggyeong-won/Documents/GitHub/han-son)
2026-09-24T17:06:48.783+09:00  INFO 53932 --- [    Test worker] com.study.handson.DataInitTest           : No active profile set, falling back to 1 default profile: "default"
2026-09-24T17:06:49.309+09:00  INFO 53932 --- [    Test worker] .s.d.r.c.RepositoryConfigurationDelegate : Bootstrapping Spring Data JPA repositories in DEFAULT mode.
2026-09-24T17:06:49.341+09:00  INFO 53932 --- [    Test worker] .s.d.r.c.RepositoryConfigurationDelegate : Finished Spring Data repository scanning in 27 ms. Found 1 JPA repository interface.
2026-09-24T17:06:49.609+09:00  INFO 53932 --- [    Test worker] o.hibernate.jpa.internal.util.LogHelper  : HHH000204: Processing PersistenceUnitInfo [name: default]
2026-09-24T17:06:49.638+09:00  INFO 53932 --- [    Test worker] org.hibernate.Version                    : HHH000412: Hibernate ORM core version 6.5.2.Final
2026-09-24T17:06:49.658+09:00  INFO 53932 --- [    Test worker] o.h.c.internal.RegionFactoryInitiator    : HHH000026: Second-level cache disabled
2026-09-24T17:06:49.840+09:00  INFO 53932 --- [    Test worker] o.s.o.j.p.SpringPersistenceUnitInfo      : No LoadTimeWeaver setup: ignoring JPA class transformer
2026-09-24T17:06:49.857+09:00  INFO 53932 --- [    Test worker] com.zaxxer.hikari.HikariDataSource       : HikariPool-1 - Starting...
2026-09-24T17:06:49.967+09:00  INFO 53932 --- [    Test worker] com.zaxxer.hikari.pool.HikariPool        : HikariPool-1 - Added connection conn0: url=jdbc:h2:mem:handson user=SA
2026-09-24T17:06:49.969+09:00  INFO 53932 --- [    Test worker] com.zaxxer.hikari.HikariDataSource       : HikariPool-1 - Start completed.
2026-09-24T17:06:50.580+09:00  INFO 53932 --- [    Test worker] o.h.e.t.j.p.i.JtaPlatformInitiator       : HHH000489: No JTA platform available (set 'hibernate.transaction.jta.platform' to enable JTA platform integration)
2026-09-24T17:06:50.590+09:00 DEBUG 53932 --- [    Test worker] org.hibernate.SQL                        : 
    drop table if exists author cascade 
Hibernate: 
    drop table if exists author cascade 
2026-09-24T17:06:50.593+09:00 DEBUG 53932 --- [    Test worker] org.hibernate.SQL                        : 
    drop table if exists book cascade 
Hibernate: 
    drop table if exists book cascade 
2026-09-24T17:06:50.597+09:00 DEBUG 53932 --- [    Test worker] org.hibernate.SQL                        : 
    create table author (
        id bigint generated by default as identity,
        name varchar(255),
        primary key (id)
    )
Hibernate: 
    create table author (
        id bigint generated by default as identity,
        name varchar(255),
        primary key (id)
    )
2026-09-24T17:06:50.603+09:00 DEBUG 53932 --- [    Test worker] org.hibernate.SQL                        : 
    create table book (
        author_id bigint,
        id bigint generated by default as identity,
        title varchar(255),
        primary key (id)
    )
Hibernate: 
    create table book (
        author_id bigint,
        id bigint generated by default as identity,
        title varchar(255),
        primary key (id)
    )
2026-09-24T17:06:50.604+09:00 DEBUG 53932 --- [    Test worker] org.hibernate.SQL                        : 
    alter table if exists book 
       add constraint FKklnrv3weler2ftkweewlky958 
       foreign key (author_id) 
       references author
Hibernate: 
    alter table if exists book 
       add constraint FKklnrv3weler2ftkweewlky958 
       foreign key (author_id) 
       references author
2026-09-24T17:06:50.616+09:00  INFO 53932 --- [    Test worker] j.LocalContainerEntityManagerFactoryBean : Initialized JPA EntityManagerFactory for persistence unit 'default'
2026-09-24T17:06:50.724+09:00  WARN 53932 --- [    Test worker] JpaBaseConfiguration$JpaWebConfiguration : spring.jpa.open-in-view is enabled by default. Therefore, database queries may be performed during view rendering. Explicitly configure spring.jpa.open-in-view to disable this warning
2026-09-24T17:06:51.105+09:00  INFO 53932 --- [    Test worker] o.s.b.a.h2.H2ConsoleAutoConfiguration    : H2 console available at '/h2-console'. Database available at 'jdbc:h2:mem:handson'
2026-09-24T17:06:51.164+09:00  INFO 53932 --- [    Test worker] com.study.handson.DataInitTest           : Started DataInitTest in 2.583 seconds (process running for 3.448)
2026-09-24T17:06:51.637+09:00 DEBUG 53932 --- [    Test worker] org.hibernate.SQL                        : 
    insert 
    into
        author
        (name, id) 
    values
        (?, default)
Hibernate: 
    insert 
    into
        author
        (name, id) 
    values
        (?, default)
2026-09-24T17:06:51.647+09:00 TRACE 53932 --- [    Test worker] org.hibernate.orm.jdbc.bind              : binding parameter (1:VARCHAR) <- [작가0]
2026-09-24T17:06:51.691+09:00 DEBUG 53932 --- [    Test worker] org.hibernate.SQL                        : 
    insert 
    into
        author
        (name, id) 
    values
        (?, default)
Hibernate: 
    insert 
    into
        author
        (name, id) 
    values
        (?, default)
2026-09-24T17:06:51.692+09:00 TRACE 53932 --- [    Test worker] org.hibernate.orm.jdbc.bind              : binding parameter (1:VARCHAR) <- [작가1]
2026-09-24T17:06:51.694+09:00 DEBUG 53932 --- [    Test worker] org.hibernate.SQL                        : 
    insert 
    into
        author
        (name, id) 
    values
        (?, default)
Hibernate: 
    insert 
    into
        author
        (name, id) 
    values
        (?, default)
2026-09-24T17:06:51.695+09:00 TRACE 53932 --- [    Test worker] org.hibernate.orm.jdbc.bind              : binding parameter (1:VARCHAR) <- [작가2]
2026-09-24T17:06:51.696+09:00 DEBUG 53932 --- [    Test worker] org.hibernate.SQL                        : 
    insert 
    into
        author
        (name, id) 
    values
        (?, default)
Hibernate: 
    insert 
    into
        author
        (name, id) 
    values
        (?, default)
2026-09-24T17:06:51.697+09:00 TRACE 53932 --- [    Test worker] org.hibernate.orm.jdbc.bind              : binding parameter (1:VARCHAR) <- [작가3]
2026-09-24T17:06:51.699+09:00 DEBUG 53932 --- [    Test worker] org.hibernate.SQL                        : 
    insert 
    into
        author
        (name, id) 
    values
        (?, default)
Hibernate: 
    insert 
    into
        author
        (name, id) 
    values
        (?, default)
2026-09-24T17:06:51.699+09:00 TRACE 53932 --- [    Test worker] org.hibernate.orm.jdbc.bind              : binding parameter (1:VARCHAR) <- [작가4]
]]></system-out>
  <system-err><![CDATA[]]></system-err>
</testsuite>
